<?xml version="1.0" encoding="UTF-8"?>
<!-- Generated by org.testng.reporters.JUnitXMLReporter -->
<testsuite hostname="ALEXA" ignored="0" name="Default test" tests="4" failures="0" timestamp="2021-06-03T18:58:42 IST" time="11.497" errors="0">
  <testcase name="blazeUIHomePageVerification" time="0.171" classname="com.virtual.report.TestScript"/>
  <testcase name="getSpaceXApiLaunchLatest" time="5.634" classname="com.virtual.report.TestScript"/>
  <testcase name="blazeUIFindFlights" time="1.411" classname="com.virtual.report.TestScript"/>
  <testcase name="blazeUIEnd2EndFlow" time="4.209" classname="com.virtual.report.TestScript"/>
</testsuite> <!-- Default test -->
