<?xml version="1.0" encoding="UTF-8"?>
<!-- Generated by org.testng.reporters.JUnitXMLReporter -->
<testsuite hostname="ALEXA" ignored="0" name="Default test" tests="3" failures="0" timestamp="2021-06-03T17:24:08 IST" time="7.344" errors="0">
  <testcase name="blazeUIHomePage" time="0.399" classname="com.virtual.report.TestScript"/>
  <testcase name="getSpaceXApiLaunchLatest" time="5.501" classname="com.virtual.report.TestScript"/>
  <testcase name="test_01" time="1.362" classname="Test01_GET"/>
</testsuite> <!-- Default test -->
