<?xml version="1.0" encoding="UTF-8"?>
<!-- Generated by org.testng.reporters.JUnitReportReporter -->
<testsuite skipped="0" hostname="ALEXA" name="com.virtual.report.TestScript" tests="2" failures="0" timestamp="2021-06-03T17:24:08 IST" time="5.900" errors="0">
  <testcase name="blazeUIHomePage" time="0.399" classname="com.virtual.report.TestScript"/>
  <system-out/>
  <testcase name="getSpaceXApiLaunchLatest" time="5.501" classname="com.virtual.report.TestScript"/>
  <system-out>
Response of API: {"fairings":{"reused":true,"recovery_attempt":true,"recovered":true,"ships":["5ea6ed2e080df4000697c909","5ea6ed2f080df4000697c90c"]},"links":{"patch":{"small":"https://imgur.com/BrW201S.png","large":"https://imgur.com/573IfGk.png"},"reddit":{"campaign":"https://www.reddit.com/r/spacex/comments/jhu37i/starlink_general_discussion_and_deployment_thread/","launch":"https://www.reddit.com/r/spacex/comments/nkxg4s/rspacex_starlink28_launch_discussion_and_updates/","media":null,"recovery":"https://www.reddit.com/r/spacex/comments/k2ts1q/rspacex_fleet_updates_discussion_thread/"},"flickr":{"small":[],"original":[]},"presskit":null,"webcast":"https://youtu.be/xRu-ekesDyY","youtube_id":"xRu-ekesDyY","article":null,"wikipedia":"https://en.wikipedia.org/wiki/Starlink"},"static_fire_date_utc":null,"static_fire_date_unix":null,"tbd":false,"net":false,"window":null,"rocket":"5e9d0d95eda69973a809d1ec","success":true,"details":"This mission launches the 28th batch of operational Starlink satellites, which were version 1.0, from SLC-40. It was the 29th Starlink launch overall. The satellites plan to be delivered to low Earth orbit and will spend a few weeks maneuvering to their operational altitude. The booster is expected to land on ASDS JRTI.","crew":[],"ships":["5ea6ed30080df4000697c913","5ea6ed2f080df4000697c90c","5ee68c683c228f36bd5809b5","5ea6ed2f080df4000697c90b","5ea6ed2e080df4000697c909"],"capsules":[],"payloads":["6079bd679a06446e8c61bf7d"],"launchpad":"5e9e4501f509094ba4566f84","auto_update":true,"launch_library_id":"fb25ecf0-fb51-4b5e-b678-105f6ba4c06e","failures":[],"flight_number":128,"name":"Starlink-28 (v1.0)","date_utc":"2021-05-26T18:59:00.000Z","date_unix":1622055540,"date_local":"2021-05-26T14:59:00-04:00","date_precision":"hour","upcoming":false,"cores":[{"core":"5f57c54a0622a633027900a1","flight":2,"gridfins":true,"legs":true,"reused":true,"landing_attempt":true,"landing_success":true,"landing_type":"ASDS","landpad":"5e9e3033383ecbb9e534e7cc"}],"id":"6079bd399a06446e8c61bf77"} Response of status: 200 Verify: flightNo 128 Verify: flightName Starlink-28 (v1.0) Verify: flightsuccess true SpaceX API response details are received128  </system-out>
</testsuite> <!-- com.virtual.report.TestScript -->
